<?xml version="1.0" encoding="UTF-8"?>
<testsuite name="ru.netology.test.CardWithDeliveryTest" tests="18" skipped="0" failures="0" errors="0" timestamp="2022-12-25T08:16:19" hostname="LAPTOP-TS2EAHGH" time="93.175">
  <properties/>
  <testcase name="negativeScheduleDeliveryPhoneTwelveDigits()" classname="ru.netology.test.CardWithDeliveryTest" time="15.735"/>
  <testcase name="negativeScheduleDeliveryYesterday()" classname="ru.netology.test.CardWithDeliveryTest" time="1.83"/>
  <testcase name="scheduleDeliveryDropDownListOfCities()" classname="ru.netology.test.CardWithDeliveryTest" time="12.136"/>
  <testcase name="negativeScheduleDeliveryZeroValuePhone()" classname="ru.netology.test.CardWithDeliveryTest" time="1.379"/>
  <testcase name="negativeScheduleDeliveryNotACity()" classname="ru.netology.test.CardWithDeliveryTest" time="1.523"/>
  <testcase name="negativeScheduleDeliveryCheckboxNotMarked()" classname="ru.netology.test.CardWithDeliveryTest" time="1.56"/>
  <testcase name="negativeScheduleDeliveryNameLatinAlphabet()" classname="ru.netology.test.CardWithDeliveryTest" time="1.726"/>
  <testcase name="scheduleDeliverySuccessfullyDoubleSurnameWithSpace()" classname="ru.netology.test.CardWithDeliveryTest" time="12.448"/>
  <testcase name="negativeScheduleDeliveryZeroValueCity()" classname="ru.netology.test.CardWithDeliveryTest" time="1.197"/>
  <testcase name="negativeScheduleDeliveryZeroValueDate()" classname="ru.netology.test.CardWithDeliveryTest" time="1.365"/>
  <testcase name="negativeScheduleDeliveryZeroValueName()" classname="ru.netology.test.CardWithDeliveryTest" time="1.235"/>
  <testcase name="negativeScheduleDeliveryTomorrow()" classname="ru.netology.test.CardWithDeliveryTest" time="1.468"/>
  <testcase name="scheduleDeliverySuccessfullyTenthDay()" classname="ru.netology.test.CardWithDeliveryTest" time="12.138"/>
  <testcase name="negativeScheduleDeliveryPhoneWithoutPlus()" classname="ru.netology.test.CardWithDeliveryTest" time="1.361"/>
  <testcase name="negativeScheduleDeliveryPhoneTenDigits()" classname="ru.netology.test.CardWithDeliveryTest" time="1.329"/>
  <testcase name="negativeScheduleDeliveryNameSpecialCharacters()" classname="ru.netology.test.CardWithDeliveryTest" time="1.397"/>
  <testcase name="scheduleDeliverySuccessfullyDoubleHyphenatedName()" classname="ru.netology.test.CardWithDeliveryTest" time="11.73"/>
  <testcase name="scheduleDeliverySuccessfullySingleSurname()" classname="ru.netology.test.CardWithDeliveryTest" time="11.606"/>
  <system-out><![CDATA[]]></system-out>
  <system-err><![CDATA[SLF4J: Failed to load class "org.slf4j.impl.StaticLoggerBinder".
SLF4J: Defaulting to no-operation (NOP) logger implementation
SLF4J: See http://www.slf4j.org/codes.html#StaticLoggerBinder for further details.
Starting ChromeDriver 108.0.5359.71 (1e0e3868ee06e91ad636a874420e3ca3ae3756ac-refs/branch-heads/5359@{#1016}) on port 39471
Only local connections are allowed.
Please see https://chromedriver.chromium.org/security-considerations for suggestions on keeping ChromeDriver safe.
ChromeDriver was started successfully.
дек. 25, 2022 11:16:30 AM org.openqa.selenium.remote.ProtocolHandshake createSession
INFO: Detected dialect: W3C
]]></system-err>
</testsuite>
